Arguments: 
  C:\Program Files\nodejs\node.exe C:\Program Files (x86)\Yarn\bin\yarn.js install

PATH: 
  C:\Python38\Scripts\;C:\Python38\;C:\Program Files (x86)\NVIDIA Corporation\PhysX\Common;C:\Program Files (x86)\Common Files\Oracle\Java\javapath;C:\Windows\system32;C:\Windows;C:\Windows\System32\Wbem;C:\Windows\System32\WindowsPowerShell\v1.0\;C:\Windows\System32\OpenSSH\;C:\Program Files\Microsoft SQL Server\Client SDK\ODBC\130\Tools\Binn\;C:\Program Files (x86)\Microsoft SQL Server\140\Tools\Binn\;C:\Program Files\Microsoft SQL Server\140\Tools\Binn\;C:\Program Files\Microsoft SQL Server\140\DTS\Binn\;C:\Program Files (x86)\Microsoft SQL Server\150\DTS\Binn\;C:\Program Files\dotnet\;C:\Program Files\Microsoft SQL Server\130\Tools\Binn\;C:\Program Files\Microsoft SQL Server\Client SDK\ODBC\170\Tools\Binn\;C:\Program Files (x86)\National Instruments\Shared\LabVIEW CLI;C:\Program Files\PostgreSQL\10\bin;C:\Program Files\Git\cmd;C:\Users\Ovi\Downloads\chromedriver_win32;C:\Program Files (x86)\Google\Cloud SDK\google-cloud-sdk\bin;C:\Program Files (x86)\Yarn\bin\;C:\Soft\JML\bin;C:\Soft\Java\j2sdk1.4.2_19\bin;C:\Soft\ESCJava2;C:\Users\Ovi\AppData\Local\Programs\Python\Python37-32;C:\Users\Ovi\AppData\Local\Programs\Python\Python37-32\Scripts;C:\sqlite3\sqlite-tools-win32-x86-3280000;C:\Program Files\MiKTeX 2.9\miktex\bin\x64\;C:\Program Files\nodejs\;C:\ProgramData\chocolatey\bin;C:\Program Files\MySQL\MySQL Shell 8.0\bin\;C:\Users\Ovi\AppData\Local\Programs\Microsoft VS Code\bin;C:\Users\Ovi\AppData\Roaming\npm

Yarn version: 
  1.16.0

Node version: 
  12.18.0

Platform: 
  win32 x64

Trace: 
  Error: ENOENT: no such file or directory, copyfile 'C:\Users\Ovi\AppData\Local\Yarn\Cache\v4\npm-get-stream-4.1.0-c1b255575f3dc21d59bfc79cd3d2b46b1c3a54b5\node_modules\get-stream\index.js' -> 'C:\Users\Ovi\Desktop\Projects\NodeMongoDb\node_modules\get-stream\index.js'

npm manifest: 
  {
    "name": "NodeMongoDb",
    "version": "1.0.0",
    "description": "",
    "main": "index.js",
    "scripts": {
      "start": "node server.js",
      "devStart": "nodemon server.js"
    },
    "keywords": [],
    "author": "",
    "license": "ISC",
    "dependencies": {
      "body-parser": "^1.19.0",
      "ejs": "^3.1.3",
      "express": "^4.17.1",
      "express-ejs-layouts": "^2.5.0",
      "mongoose": "^5.9.18",
      "multer": "^1.4.2"
    },
    "devDependencies": {
      "dotenv": "^8.2.0",
      "nodemon": "^2.0.4"
    }
  }

yarn manifest: 
  No manifest

Lockfile: 
  No lockfile
